2023-07-14 09:30:04,652 - INFO - [31m[1mWARNING: This is a development server. Do not use it in a production deployment. Use a production WSGI server instead.[0m
 * Running on http://127.0.0.1:9696
2023-07-14 09:30:04,652 - INFO - [33mPress CTRL+C to quit[0m
2023-07-14 09:30:04,658 - INFO -  * Restarting with watchdog (inotify)
2023-07-14 09:30:09,731 - WARNING -  * Debugger is active!
2023-07-14 09:30:09,732 - INFO -  * Debugger PIN: 410-011-943
2023-07-14 09:30:17,668 - INFO -  * Detected change in '/home/konradballegro/spark/spark-3.3.2-bin-hadoop3/python/lib/py4j-0.10.9.5-src.zip', reloading
2023-07-14 09:30:17,695 - INFO -  * Detected change in '/home/konradballegro/scoring-batch/otomoto_scoring_batch.py', reloading
2023-07-14 09:30:18,948 - INFO -  * Restarting with watchdog (inotify)
2023-07-14 09:30:23,949 - WARNING -  * Debugger is active!
2023-07-14 09:30:23,949 - INFO -  * Debugger PIN: 410-011-943
2023-07-14 09:30:25,926 - WARNING - DataFrame type: <class 'pandas.core.frame.DataFrame'>
2023-07-14 09:30:25,927 - WARNING - Number of rows:4681
2023-07-14 09:30:25,927 - WARNING - Number of columns:230
2023-07-14 09:30:25,927 - WARNING - DataFrame:
           Offer from Category Show offers with VIN number Has registration number Vehicle brand Vehicle model  ...   Price  Price details  Currency                                           URL path                                        ID       Epoch
0               Firmy  Osobowe                         Tak                    None        Nissan          Note  ...   22500  Do negocjacji       PLN  https://www.otomoto.pl/osobowe/oferta/nissan-n...  25bcf5cf43618a4dff3ddfa3747a8bb774c2ba84  1687251663
1     Osoby prywatnej  Osobowe                         Tak                    None        Nissan          Juke  ...   32900  Do negocjacji       PLN  https://www.otomoto.pl/osobowe/oferta/nissan-j...  a297f54c8ef1acfdbe35ef22c0d8375adb3eea1b  1687251663
2     Osoby prywatnej  Osobowe                         Tak                     Tak        Nissan       X-Trail  ...   79000  Do negocjacji       PLN  https://www.otomoto.pl/osobowe/oferta/nissan-x...  8c6f86f2f830afca86d7c9f6c021085ff4724c6d  1687251663
3               Firmy  Osobowe                        None                    None        Nissan       Qashqai  ...  145500    Faktura VAT       PLN  https://www.otomoto.pl/osobowe/oferta/nissan-q...  65c560adbe3784ce28ee9006946702ba430d598f  1687251663
4     Osoby prywatnej  Osobowe                         Tak                     Tak        Nissan       Qashqai  ...   48000  Do negocjacji       PLN  https://www.otomoto.pl/osobowe/oferta/nissan-q...  18012edc4f81930ffb36cbe2d1f06893eb94c588  1687251662
...               ...      ...                         ...                     ...           ...           ...  ...     ...            ...       ...                                                ...                                       ...         ...
4676  Osoby prywatnej  Osobowe                         Tak                     Tak        Nissan         Sunny  ...   12000  Do negocjacji       PLN  https://www.otomoto.pl/osobowe/oferta/nissan-s...  84c837f8bff1761f24b764d134753e3050ec3bdc  1687252766
4677  Osoby prywatnej  Osobowe                         Tak                     Tak        Nissan        Patrol  ...   62000  Do negocjacji       PLN  https://www.otomoto.pl/osobowe/oferta/nissan-p...  eb14b8d812a0e7a4342c102f6e3ad8280fe229ae  1687252766
4678  Osoby prywatnej  Osobowe                         Tak                    None        Nissan        Patrol  ...   23000  Do negocjacji       PLN  https://www.otomoto.pl/osobowe/oferta/nissan-p...  2d8e86d1abd5787953becf406d97613cfb860aed  1687252766
4679  Osoby prywatnej  Osobowe                         Tak                    None        Nissan       Qashqai  ...   19999  Do negocjacji       PLN  https://www.otomoto.pl/osobowe/oferta/nissan-q...  2b7ccba23ab8bc4a6a3c8d6b5c8f9d97d61ebe65  1687252766
4680  Osoby prywatnej  Osobowe                         Tak                     Tak        Nissan       Qashqai  ...   36900    Faktura VAT       PLN  https://www.otomoto.pl/osobowe/oferta/nissan-q...  333b17dd31b87555c68ccf911652f9703bc98297  1687252766

[4681 rows x 230 columns]
2023-07-14 09:30:26,164 - WARNING - Filtering data...
2023-07-14 09:30:26,175 - WARNING - Data filtered
2023-07-14 09:30:26,179 - WARNING - Preprocessing data...
2023-07-14 09:30:26,191 - INFO -  * Detected change in '/home/konradballegro/scoring-batch/app.py', reloading
2023-07-14 09:30:26,283 - WARNING - Data preprocessed
2023-07-14 09:30:26,283 - WARNING - Performing feature engineering...
2023-07-14 09:30:26,371 - WARNING - DataFrame type: <class 'pandas.core.frame.DataFrame'>
2023-07-14 09:30:26,371 - WARNING - Number of rows:839
2023-07-14 09:30:26,371 - WARNING - Number of columns:83
2023-07-14 09:30:26,371 - WARNING - DataFrame:
       Mileage  Power  Offer_from_Osoby_prywatnej  Vehicle_brand_Infiniti  Vehicle_brand_Lexus  Vehicle_brand_Jaguar  ...  Body_type_Auta_miejskie  Body_type_Kombi  Number_of_doors_3  Number_of_doors_5  Number_of_doors_4  Number_of_doors_2
2     127800.0    177                           1                       0                    0                     0  ...                        0                0                  0                  1                  0                  0
7      46820.0    140                           0                       0                    0                     0  ...                        0                0                  0                  1                  0                  0
9      89862.0    177                           0                       0                    0                     0  ...                        0                0                  0                  1                  0                  0
14    192013.0    150                           1                       0                    0                     0  ...                        0                0                  0                  1                  0                  0
20    205000.0    163                           1                       0                    0                     0  ...                        0                0                  0                  0                  1                  0
...        ...    ...                         ...                     ...                  ...                   ...  ...                      ...              ...                ...                ...                ...                ...
4661   48280.0    160                           0                       0                    0                     0  ...                        0                0                  0                  1                  0                  0
4665   97000.0    116                           0                       0                    0                     0  ...                        0                0                  0                  1                  0                  0
4666  230500.0    173                           0                       0                    0                     0  ...                        0                0                  0                  1                  0                  0
4674   89900.0     80                           1                       0                    0                     0  ...                        0                0                  0                  1                  0                  0
4675   35189.0    140                           0                       0                    0                     0  ...                        0                0                  0                  1                  0                  0

[839 rows x 83 columns]
2023-07-14 09:30:26,440 - WARNING - Feature engineering completed
2023-07-14 09:30:26,671 - INFO - 127.0.0.1 - - [14/Jul/2023 09:30:26] "POST /predict HTTP/1.1" 200 -
2023-07-14 09:30:27,233 - INFO -  * Restarting with watchdog (inotify)
2023-07-14 09:30:32,220 - WARNING -  * Debugger is active!
2023-07-14 09:30:32,220 - INFO -  * Debugger PIN: 410-011-943
2023-07-14 09:31:27,005 - INFO -  * Detected change in '/home/konradballegro/spark/spark-3.3.2-bin-hadoop3/python/lib/py4j-0.10.9.5-src.zip', reloading
2023-07-14 09:31:27,036 - INFO -  * Detected change in '/home/konradballegro/scoring-batch/otomoto_scoring_batch.py', reloading
2023-07-14 09:31:28,247 - INFO -  * Restarting with watchdog (inotify)
2023-07-14 09:31:33,276 - WARNING -  * Debugger is active!
2023-07-14 09:31:33,276 - INFO -  * Debugger PIN: 410-011-943
2023-07-14 09:31:33,960 - WARNING - DataFrame type: <class 'pandas.core.frame.DataFrame'>
2023-07-14 09:31:33,961 - WARNING - Number of rows:0
2023-07-14 09:31:33,962 - WARNING - Number of columns:230
2023-07-14 09:31:33,963 - WARNING - DataFrame:
Empty DataFrame
Columns: [Offer from, Category, Show offers with VIN number, Has registration number, Vehicle brand, Vehicle model, Version, Generation, Year of production, Mileage, Engine capacity, Fuel type, Power, Gearbox, Range, Drive, Battery capacity, Battery ownership type, CO2 emissions, Particulate filter, City fuel consumption, Body type, Number of doors, Number of seats, Color, Metallic, Color type, Right-hand drive (Anglik), Country of origin, Leasing, VAT margin, VAT invoice, Manufacturer warranty period, Financing possibility, First registration, Registered in Poland, First owner, Accident-free, Serviced at authorized service center, Condition, ABS, Apple CarPlay, Android Auto, Rear side airbags, Driver side airbag, CD, Central locking, Electric front windows, Electrically adjustable passenger seat, Electrically adjustable mirrors, Immobilizer, Driver airbag, Passenger airbag, Factory radio, Power steering, Alarm, Alloy wheels, ASR (traction control), Rear cross-traffic alert, Parking assistant, City emergency braking assistant, Brake Assist, Active lane change assistant, Traffic jam assistant, Active speed limit recognition, Blind spot assistant (sensor), Adaptive headlights, Intersection collision prevention assistant, Lane keeping assistant, Automatic descent control, Front side airbags, Digital key, Rain sensor, Blind spot sensor, Dusk sensor, Front parking sensors, Rear parking sensors, Panoramic roof, Electrically operated roof, Internet access, Dynamic cornering lights, Gear shift lever finished in leather, Touchscreen, Electrochromic side mirrors, Electrochromic rearview mirror, Electric rear windows, Electrically adjustable seats, Electric parking brake, Electronic brake force distribution system, Electronic tire pressure control, Electronic suspension adjustment, Electrically adjustable driver's seat, ESP, Alloy wheels from 21 inches, Alloy wheels 19 inches, Ventilated front seats, Front seats with massage function, Fast charging function, AUX socket, SD card socket, ...]
Index: []
2023-07-14 09:31:33,967 - WARNING - Filtering data...
2023-07-14 09:31:33,972 - WARNING - Data filtered
2023-07-14 09:31:33,973 - WARNING - Preprocessing data...
2023-07-14 09:31:33,986 - INFO -  * Detected change in '/home/konradballegro/scoring-batch/app.py', reloading
2023-07-14 09:31:33,994 - WARNING - Data preprocessed
2023-07-14 09:31:33,994 - WARNING - Performing feature engineering...
2023-07-14 09:31:34,053 - WARNING - DataFrame type: <class 'pandas.core.frame.DataFrame'>
2023-07-14 09:31:34,053 - WARNING - Number of rows:0
2023-07-14 09:31:34,053 - WARNING - Number of columns:83
2023-07-14 09:31:34,054 - WARNING - DataFrame:
Empty DataFrame
Columns: [Mileage, Power, Offer_from_Osoby_prywatnej, Vehicle_brand_Infiniti, Vehicle_brand_Lexus, Vehicle_brand_Jaguar, Vehicle_brand_Maserati, Vehicle_brand_Jeep, Vehicle_brand_Kia, Vehicle_brand_Hyundai, Vehicle_brand_Honda, Vehicle_brand_Lamborghini, Vehicle_brand_Land_Rover, Vehicle_brand_Mercedes-Benz, Vehicle_brand_Mazda, Vehicle_brand_Peugeot, Vehicle_brand_MINI, Vehicle_brand_Opel, Vehicle_brand_Polonez, Vehicle_brand_Porsche, Vehicle_brand_Nissan, Vehicle_brand_Tarpan, Vehicle_brand_SsangYong, Vehicle_brand_Seat, Vehicle_brand_Renault, Vehicle_brand_Tesla, Vehicle_brand_Suzuki, Vehicle_brand_Skoda, Vehicle_brand_Toyota, Vehicle_brand_Subaru, Vehicle_brand_Volkswagen, Vehicle_brand_Volvo, Vehicle_brand_DS_Automobiles, Vehicle_brand_Inny, Year_of_production_2016, Year_of_production_2012, Year_of_production_2020, Year_of_production_2019, Year_of_production_2017, Year_of_production_2014, Year_of_production_2013, Year_of_production_2005, Year_of_production_2000, Year_of_production_2002, Year_of_production_2018, Year_of_production_2009, Year_of_production_2006, Year_of_production_2004, Year_of_production_2011, Year_of_production_1992, Year_of_production_2022, Year_of_production_2008, Year_of_production_1999, Year_of_production_1994, Year_of_production_2007, Year_of_production_2023, Year_of_production_2021, Year_of_production_2015, Year_of_production_1998, Year_of_production_2001, Year_of_production_2010, Year_of_production_2003, Year_of_production_1997, Year_of_production_1996, Year_of_production_1983, Fuel_type_Benzyna, Fuel_type_Benzyna+LPG, Fuel_type_Diesel, Fuel_type_Elektryczny, Fuel_type_Hybryda, Gearbox_Manualna, Body_type_Kabriolet, Body_type_SUV, Body_type_Sedan, Body_type_Coupe, Body_type_Minivan, Body_type_Kompakt, Body_type_Auta_miejskie, Body_type_Kombi, Number_of_doors_3, Number_of_doors_5, Number_of_doors_4, Number_of_doors_2]
Index: []
2023-07-14 09:31:34,055 - WARNING - Feature engineering completed
2023-07-14 09:31:34,097 - ERROR - Prediction failed
Traceback (most recent call last):
  File "/home/konradballegro/scoring-batch/app.py", line 255, in predict_endpoint
    predictions = model.predict(features)  # Pass the DataFrame as input
  File "/home/konradballegro/.local/share/virtualenvs/konradballegro-pfUEMlPh/lib/python3.8/site-packages/mlflow/pyfunc/__init__.py", line 428, in predict
    return self._predict_fn(data)
  File "/home/konradballegro/.local/share/virtualenvs/konradballegro-pfUEMlPh/lib/python3.8/site-packages/sklearn/pipeline.py", line 480, in predict
    Xt = transform.transform(Xt)
  File "/home/konradballegro/.local/share/virtualenvs/konradballegro-pfUEMlPh/lib/python3.8/site-packages/sklearn/utils/_set_output.py", line 140, in wrapped
    data_to_wrap = f(self, X, *args, **kwargs)
  File "/home/konradballegro/.local/share/virtualenvs/konradballegro-pfUEMlPh/lib/python3.8/site-packages/sklearn/preprocessing/_data.py", line 992, in transform
    X = self._validate_data(
  File "/home/konradballegro/.local/share/virtualenvs/konradballegro-pfUEMlPh/lib/python3.8/site-packages/sklearn/base.py", line 565, in _validate_data
    X = check_array(X, input_name="X", **check_params)
  File "/home/konradballegro/.local/share/virtualenvs/konradballegro-pfUEMlPh/lib/python3.8/site-packages/sklearn/utils/validation.py", line 931, in check_array
    raise ValueError(
ValueError: Found array with 0 sample(s) (shape=(0, 83)) while a minimum of 1 is required by StandardScaler.
2023-07-14 09:31:34,098 - INFO -  * Detected change in '/home/konradballegro/.local/share/virtualenvs/konradballegro-pfUEMlPh/lib/python3.8/site-packages/mlflow/pyfunc/__init__.py', reloading
2023-07-14 09:31:34,114 - INFO - 127.0.0.1 - - [14/Jul/2023 09:31:34] "[35m[1mPOST /predict HTTP/1.1[0m" 500 -
2023-07-14 09:31:34,114 - INFO -  * Detected change in '/home/konradballegro/.local/share/virtualenvs/konradballegro-pfUEMlPh/lib/python3.8/site-packages/sklearn/pipeline.py', reloading
2023-07-14 09:31:34,115 - INFO -  * Detected change in '/home/konradballegro/.local/share/virtualenvs/konradballegro-pfUEMlPh/lib/python3.8/site-packages/sklearn/utils/_set_output.py', reloading
2023-07-14 09:31:34,115 - INFO -  * Detected change in '/home/konradballegro/.local/share/virtualenvs/konradballegro-pfUEMlPh/lib/python3.8/site-packages/sklearn/preprocessing/_data.py', reloading
2023-07-14 09:31:34,116 - INFO -  * Detected change in '/home/konradballegro/.local/share/virtualenvs/konradballegro-pfUEMlPh/lib/python3.8/site-packages/sklearn/base.py', reloading
2023-07-14 09:31:34,116 - INFO -  * Detected change in '/home/konradballegro/.local/share/virtualenvs/konradballegro-pfUEMlPh/lib/python3.8/site-packages/sklearn/utils/validation.py', reloading
2023-07-14 09:31:35,516 - INFO -  * Restarting with watchdog (inotify)
2023-07-14 09:31:40,434 - WARNING -  * Debugger is active!
2023-07-14 09:31:40,435 - INFO -  * Debugger PIN: 410-011-943
2023-07-14 09:32:39,193 - INFO -  * Detected change in '/home/konradballegro/spark/spark-3.3.2-bin-hadoop3/python/lib/py4j-0.10.9.5-src.zip', reloading
2023-07-14 09:32:39,224 - INFO -  * Detected change in '/home/konradballegro/scoring-batch/otomoto_scoring_batch.py', reloading
2023-07-14 09:32:40,633 - INFO -  * Restarting with watchdog (inotify)
2023-07-14 09:32:45,653 - WARNING -  * Debugger is active!
2023-07-14 09:32:45,653 - INFO -  * Debugger PIN: 410-011-943
2023-07-14 09:32:47,501 - WARNING - DataFrame type: <class 'pandas.core.frame.DataFrame'>
2023-07-14 09:32:47,501 - WARNING - Number of rows:4681
2023-07-14 09:32:47,501 - WARNING - Number of columns:230
2023-07-14 09:32:47,501 - WARNING - DataFrame:
           Offer from Category Show offers with VIN number Has registration number Vehicle brand Vehicle model  ...   Price  Price details  Currency                                           URL path                                        ID       Epoch
0               Firmy  Osobowe                         Tak                    None        Nissan          Note  ...   22500  Do negocjacji       PLN  https://www.otomoto.pl/osobowe/oferta/nissan-n...  25bcf5cf43618a4dff3ddfa3747a8bb774c2ba84  1687251663
1     Osoby prywatnej  Osobowe                         Tak                    None        Nissan          Juke  ...   32900  Do negocjacji       PLN  https://www.otomoto.pl/osobowe/oferta/nissan-j...  a297f54c8ef1acfdbe35ef22c0d8375adb3eea1b  1687251663
2     Osoby prywatnej  Osobowe                         Tak                     Tak        Nissan       X-Trail  ...   79000  Do negocjacji       PLN  https://www.otomoto.pl/osobowe/oferta/nissan-x...  8c6f86f2f830afca86d7c9f6c021085ff4724c6d  1687251663
3               Firmy  Osobowe                        None                    None        Nissan       Qashqai  ...  145500    Faktura VAT       PLN  https://www.otomoto.pl/osobowe/oferta/nissan-q...  65c560adbe3784ce28ee9006946702ba430d598f  1687251663
4     Osoby prywatnej  Osobowe                         Tak                     Tak        Nissan       Qashqai  ...   48000  Do negocjacji       PLN  https://www.otomoto.pl/osobowe/oferta/nissan-q...  18012edc4f81930ffb36cbe2d1f06893eb94c588  1687251662
...               ...      ...                         ...                     ...           ...           ...  ...     ...            ...       ...                                                ...                                       ...         ...
4676  Osoby prywatnej  Osobowe                         Tak                     Tak        Nissan         Sunny  ...   12000  Do negocjacji       PLN  https://www.otomoto.pl/osobowe/oferta/nissan-s...  84c837f8bff1761f24b764d134753e3050ec3bdc  1687252766
4677  Osoby prywatnej  Osobowe                         Tak                     Tak        Nissan        Patrol  ...   62000  Do negocjacji       PLN  https://www.otomoto.pl/osobowe/oferta/nissan-p...  eb14b8d812a0e7a4342c102f6e3ad8280fe229ae  1687252766
4678  Osoby prywatnej  Osobowe                         Tak                    None        Nissan        Patrol  ...   23000  Do negocjacji       PLN  https://www.otomoto.pl/osobowe/oferta/nissan-p...  2d8e86d1abd5787953becf406d97613cfb860aed  1687252766
4679  Osoby prywatnej  Osobowe                         Tak                    None        Nissan       Qashqai  ...   19999  Do negocjacji       PLN  https://www.otomoto.pl/osobowe/oferta/nissan-q...  2b7ccba23ab8bc4a6a3c8d6b5c8f9d97d61ebe65  1687252766
4680  Osoby prywatnej  Osobowe                         Tak                     Tak        Nissan       Qashqai  ...   36900    Faktura VAT       PLN  https://www.otomoto.pl/osobowe/oferta/nissan-q...  333b17dd31b87555c68ccf911652f9703bc98297  1687252766

[4681 rows x 230 columns]
2023-07-14 09:32:47,743 - WARNING - Filtering data...
2023-07-14 09:32:47,754 - WARNING - Data filtered
2023-07-14 09:32:47,758 - WARNING - Preprocessing data...
2023-07-14 09:32:47,770 - INFO -  * Detected change in '/home/konradballegro/scoring-batch/app.py', reloading
2023-07-14 09:32:47,861 - WARNING - Data preprocessed
2023-07-14 09:32:47,861 - WARNING - Performing feature engineering...
2023-07-14 09:32:47,956 - WARNING - DataFrame type: <class 'pandas.core.frame.DataFrame'>
2023-07-14 09:32:47,957 - WARNING - Number of rows:839
2023-07-14 09:32:47,957 - WARNING - Number of columns:83
2023-07-14 09:32:47,957 - WARNING - DataFrame:
       Mileage  Power  Offer_from_Osoby_prywatnej  Vehicle_brand_Infiniti  Vehicle_brand_Lexus  Vehicle_brand_Jaguar  ...  Body_type_Auta_miejskie  Body_type_Kombi  Number_of_doors_3  Number_of_doors_5  Number_of_doors_4  Number_of_doors_2
2     127800.0    177                           1                       0                    0                     0  ...                        0                0                  0                  1                  0                  0
7      46820.0    140                           0                       0                    0                     0  ...                        0                0                  0                  1                  0                  0
9      89862.0    177                           0                       0                    0                     0  ...                        0                0                  0                  1                  0                  0
14    192013.0    150                           1                       0                    0                     0  ...                        0                0                  0                  1                  0                  0
20    205000.0    163                           1                       0                    0                     0  ...                        0                0                  0                  0                  1                  0
...        ...    ...                         ...                     ...                  ...                   ...  ...                      ...              ...                ...                ...                ...                ...
4661   48280.0    160                           0                       0                    0                     0  ...                        0                0                  0                  1                  0                  0
4665   97000.0    116                           0                       0                    0                     0  ...                        0                0                  0                  1                  0                  0
4666  230500.0    173                           0                       0                    0                     0  ...                        0                0                  0                  1                  0                  0
4674   89900.0     80                           1                       0                    0                     0  ...                        0                0                  0                  1                  0                  0
4675   35189.0    140                           0                       0                    0                     0  ...                        0                0                  0                  1                  0                  0

[839 rows x 83 columns]
2023-07-14 09:32:48,023 - WARNING - Feature engineering completed
2023-07-14 09:32:48,250 - INFO - 127.0.0.1 - - [14/Jul/2023 09:32:48] "POST /predict HTTP/1.1" 200 -
2023-07-14 09:32:48,872 - INFO -  * Restarting with watchdog (inotify)
2023-07-14 09:32:53,863 - WARNING -  * Debugger is active!
2023-07-14 09:32:53,863 - INFO -  * Debugger PIN: 410-011-943
2023-07-14 09:39:36,558 - INFO -  * Detected change in '/home/konradballegro/scoring-batch/otomoto_scoring_batch.py', reloading
2023-07-14 09:39:36,667 - INFO -  * Detected change in '/usr/lib/python3.8/json/__init__.py', reloading
2023-07-14 09:39:36,668 - INFO -  * Detected change in '/usr/lib/python3.8/json/__init__.py', reloading
2023-07-14 09:39:36,689 - INFO -  * Detected change in '/home/konradballegro/.local/share/virtualenvs/konradballegro-pfUEMlPh/lib/python3.8/site-packages/pandas/__init__.py', reloading
2023-07-14 09:39:36,696 - INFO -  * Detected change in '/home/konradballegro/.local/share/virtualenvs/konradballegro-pfUEMlPh/lib/python3.8/site-packages/requests/__init__.py', reloading
2023-07-14 09:39:36,710 - INFO -  * Detected change in '/home/konradballegro/.local/share/virtualenvs/konradballegro-pfUEMlPh/lib/python3.8/site-packages/pandas/io/api.py', reloading
2023-07-14 09:39:36,710 - INFO -  * Detected change in '/home/konradballegro/.local/share/virtualenvs/konradballegro-pfUEMlPh/lib/python3.8/site-packages/pandas/io/parsers/__init__.py', reloading
2023-07-14 09:39:36,711 - INFO -  * Detected change in '/home/konradballegro/.local/share/virtualenvs/konradballegro-pfUEMlPh/lib/python3.8/site-packages/pandas/io/parsers/readers.py', reloading
2023-07-14 09:39:36,766 - INFO -  * Detected change in '/usr/lib/python3.8/collections/__init__.py', reloading
2023-07-14 09:39:36,825 - INFO -  * Detected change in '/usr/lib/python3.8/_collections_abc.py', reloading
2023-07-14 09:39:36,859 - INFO -  * Detected change in '/usr/lib/python3.8/abc.py', reloading
2023-07-14 09:39:36,863 - INFO -  * Detected change in '/usr/lib/python3.8/_py_abc.py', reloading
2023-07-14 09:39:36,997 - INFO -  * Detected change in '/usr/lib/python3.8/collections/abc.py', reloading
2023-07-14 09:39:36,997 - INFO -  * Detected change in '/usr/lib/python3.8/collections/abc.py', reloading
2023-07-14 09:39:36,998 - INFO -  * Detected change in '/home/konradballegro/scoring-batch/app.py', reloading
2023-07-14 09:39:37,002 - INFO -  * Detected change in '/usr/lib/python3.8/typing.py', reloading
2023-07-14 09:39:37,108 - INFO -  * Detected change in '/usr/lib/python3.8/textwrap.py', reloading
2023-07-14 09:39:37,151 - INFO -  * Detected change in '/home/konradballegro/.local/share/virtualenvs/konradballegro-pfUEMlPh/lib/python3.8/site-packages/pandas/util/_decorators.py', reloading
2023-07-14 09:39:37,162 - INFO -  * Detected change in '/usr/lib/python3.8/functools.py', reloading
2023-07-14 09:39:37,193 - INFO -  * Detected change in '/usr/lib/python3.8/functools.py', reloading
2023-07-14 09:39:37,302 - INFO -  * Detected change in '/usr/lib/python3.8/io.py', reloading
2023-07-14 09:39:37,767 - INFO -  * Restarting with watchdog (inotify)
2023-07-14 09:39:42,853 - WARNING -  * Debugger is active!
2023-07-14 09:39:42,854 - INFO -  * Debugger PIN: 410-011-943
2023-07-14 09:39:49,568 - INFO -  * Detected change in '/home/konradballegro/.local/share/virtualenvs/konradballegro-pfUEMlPh/lib/python3.8/site-packages/google/cloud/storage/__init__.py', reloading
2023-07-14 09:39:49,569 - INFO -  * Detected change in '/home/konradballegro/.local/share/virtualenvs/konradballegro-pfUEMlPh/lib/python3.8/site-packages/prefect/__init__.py', reloading
2023-07-14 09:39:49,570 - INFO -  * Detected change in '/home/konradballegro/.local/share/virtualenvs/konradballegro-pfUEMlPh/lib/python3.8/site-packages/prefect/flows.py', reloading
2023-07-14 09:39:49,586 - INFO -  * Detected change in '/home/konradballegro/.local/share/virtualenvs/konradballegro-pfUEMlPh/lib/python3.8/site-packages/prefect/tasks.py', reloading
2023-07-14 09:39:49,605 - INFO -  * Detected change in '/home/konradballegro/.local/share/virtualenvs/konradballegro-pfUEMlPh/lib/python3.8/site-packages/google/cloud/storage/__init__.py', reloading
2023-07-14 09:39:49,606 - INFO -  * Detected change in '/home/konradballegro/.local/share/virtualenvs/konradballegro-pfUEMlPh/lib/python3.8/site-packages/prefect/__init__.py', reloading
2023-07-14 09:39:49,607 - INFO -  * Detected change in '/home/konradballegro/.local/share/virtualenvs/konradballegro-pfUEMlPh/lib/python3.8/site-packages/prefect/flows.py', reloading
2023-07-14 09:39:49,609 - INFO -  * Detected change in '/home/konradballegro/.local/share/virtualenvs/konradballegro-pfUEMlPh/lib/python3.8/site-packages/prefect/tasks.py', reloading
2023-07-14 09:39:49,617 - INFO -  * Detected change in '/usr/lib/python3.8/os.py', reloading
2023-07-14 09:39:49,618 - INFO -  * Detected change in '/usr/lib/python3.8/os.py', reloading
2023-07-14 09:39:50,061 - INFO -  * Restarting with watchdog (inotify)
2023-07-14 09:39:55,432 - WARNING -  * Debugger is active!
2023-07-14 09:39:55,433 - INFO -  * Debugger PIN: 410-011-943
2023-07-14 09:39:56,131 - INFO -  * Detected change in '/home/konradballegro/.local/share/virtualenvs/konradballegro-pfUEMlPh/lib/python3.8/site-packages/requests/__init__.py', reloading
2023-07-14 09:39:56,132 - INFO -  * Detected change in '/home/konradballegro/.local/share/virtualenvs/konradballegro-pfUEMlPh/lib/python3.8/site-packages/bs4/__init__.py', reloading
2023-07-14 09:39:56,132 - INFO -  * Detected change in '/home/konradballegro/.local/share/virtualenvs/konradballegro-pfUEMlPh/lib/python3.8/site-packages/bs4/element.py', reloading
2023-07-14 09:39:56,132 - INFO -  * Detected change in '/home/konradballegro/.local/share/virtualenvs/konradballegro-pfUEMlPh/lib/python3.8/site-packages/bs4/builder/__init__.py', reloading
2023-07-14 09:39:56,132 - INFO -  * Detected change in '/home/konradballegro/.local/share/virtualenvs/konradballegro-pfUEMlPh/lib/python3.8/site-packages/bs4/__init__.py', reloading
2023-07-14 09:39:56,132 - INFO -  * Detected change in '/home/konradballegro/.local/share/virtualenvs/konradballegro-pfUEMlPh/lib/python3.8/site-packages/requests/sessions.py', reloading
2023-07-14 09:39:56,133 - INFO -  * Detected change in '/usr/lib/python3.8/posixpath.py', reloading
2023-07-14 09:39:56,133 - INFO -  * Detected change in '/usr/lib/python3.8/genericpath.py', reloading
2023-07-14 09:39:56,133 - INFO -  * Detected change in '/usr/lib/python3.8/ntpath.py', reloading
2023-07-14 09:39:56,133 - INFO -  * Detected change in '/usr/lib/python3.8/io.py', reloading
2023-07-14 09:39:56,555 - INFO -  * Restarting with watchdog (inotify)
2023-07-14 09:40:01,746 - WARNING -  * Debugger is active!
2023-07-14 09:40:01,747 - INFO -  * Debugger PIN: 410-011-943
2023-07-14 09:40:02,419 - INFO -  * Detected change in '/home/konradballegro/.local/share/virtualenvs/konradballegro-pfUEMlPh/lib/python3.8/site-packages/numba/core/rewrites/__init__.py', reloading
2023-07-14 09:40:02,419 - INFO -  * Detected change in '/home/konradballegro/.local/share/virtualenvs/konradballegro-pfUEMlPh/lib/python3.8/site-packages/numba/core/rewrites/registry.py', reloading
2023-07-14 09:40:02,420 - INFO -  * Detected change in '/home/konradballegro/.local/share/virtualenvs/konradballegro-pfUEMlPh/lib/python3.8/site-packages/numba/core/types/iterators.py', reloading
2023-07-14 09:40:02,420 - INFO -  * Detected change in '/home/konradballegro/.local/share/virtualenvs/konradballegro-pfUEMlPh/lib/python3.8/site-packages/numba/core/types/misc.py', reloading
2023-07-14 09:40:02,420 - INFO -  * Detected change in '/home/konradballegro/.local/share/virtualenvs/konradballegro-pfUEMlPh/lib/python3.8/site-packages/numba/core/types/npytypes.py', reloading
2023-07-14 09:40:02,420 - INFO -  * Detected change in '/home/konradballegro/.local/share/virtualenvs/konradballegro-pfUEMlPh/lib/python3.8/site-packages/numba/core/types/scalars.py', reloading
2023-07-14 09:40:02,421 - INFO -  * Detected change in '/home/konradballegro/.local/share/virtualenvs/konradballegro-pfUEMlPh/lib/python3.8/site-packages/numba/core/types/function_type.py', reloading
2023-07-14 09:40:02,421 - INFO -  * Detected change in '/home/konradballegro/.local/share/virtualenvs/konradballegro-pfUEMlPh/lib/python3.8/site-packages/numba/core/config.py', reloading
2023-07-14 09:40:02,421 - INFO -  * Detected change in '/home/konradballegro/.local/share/virtualenvs/konradballegro-pfUEMlPh/lib/python3.8/site-packages/numba/core/decorators.py', reloading
2023-07-14 09:40:02,421 - INFO -  * Detected change in '/home/konradballegro/.local/share/virtualenvs/konradballegro-pfUEMlPh/lib/python3.8/site-packages/numba/cuda/__init__.py', reloading
2023-07-14 09:40:02,421 - INFO -  * Detected change in '/home/konradballegro/.local/share/virtualenvs/konradballegro-pfUEMlPh/lib/python3.8/site-packages/numba/cuda/simulator_init.py', reloading
2023-07-14 09:40:02,422 - INFO -  * Detected change in '/home/konradballegro/.local/share/virtualenvs/konradballegro-pfUEMlPh/lib/python3.8/site-packages/numba/cuda/simulator/__init__.py', reloading
2023-07-14 09:40:02,422 - INFO -  * Detected change in '/home/konradballegro/.local/share/virtualenvs/konradballegro-pfUEMlPh/lib/python3.8/site-packages/numba/cuda/simulator/api.py', reloading
2023-07-14 09:40:02,422 - INFO -  * Detected change in '/home/konradballegro/.local/share/virtualenvs/konradballegro-pfUEMlPh/lib/python3.8/site-packages/numba/cuda/simulator/cudadrv/devices.py', reloading
2023-07-14 09:40:02,422 - INFO -  * Detected change in '/home/konradballegro/.local/share/virtualenvs/konradballegro-pfUEMlPh/lib/python3.8/site-packages/numba/cuda/device_init.py', reloading
2023-07-14 09:40:02,423 - INFO -  * Detected change in '/home/konradballegro/.local/share/virtualenvs/konradballegro-pfUEMlPh/lib/python3.8/site-packages/numba/cuda/api.py', reloading
2023-07-14 09:40:02,423 - INFO -  * Detected change in '/home/konradballegro/.local/share/virtualenvs/konradballegro-pfUEMlPh/lib/python3.8/site-packages/numba/cuda/cudadrv/__init__.py', reloading
2023-07-14 09:40:02,423 - INFO -  * Detected change in '/home/konradballegro/.local/share/virtualenvs/konradballegro-pfUEMlPh/lib/python3.8/site-packages/numba/cuda/cudadrv/driver.py', reloading
2023-07-14 09:40:02,864 - INFO -  * Restarting with watchdog (inotify)
2023-07-14 09:40:08,027 - WARNING -  * Debugger is active!
2023-07-14 09:40:08,027 - INFO -  * Debugger PIN: 410-011-943
2023-07-14 09:40:08,579 - INFO -  * Detected change in '/usr/lib/python3.8/logging/__init__.py', reloading
2023-07-14 09:40:08,837 - INFO -  * Detected change in '/usr/lib/python3.8/__future__.py', reloading
2023-07-14 09:40:08,945 - INFO -  * Detected change in '/home/konradballegro/.local/share/virtualenvs/konradballegro-pfUEMlPh/lib/python3.8/site-packages/pandas/__init__.py', reloading
2023-07-14 09:40:08,946 - INFO -  * Detected change in '/home/konradballegro/.local/share/virtualenvs/konradballegro-pfUEMlPh/lib/python3.8/site-packages/pandas/__init__.py', reloading
2023-07-14 09:40:08,953 - INFO -  * Detected change in '/home/konradballegro/.local/share/virtualenvs/konradballegro-pfUEMlPh/lib/python3.8/site-packages/pandas/io/api.py', reloading
2023-07-14 09:40:08,954 - INFO -  * Detected change in '/home/konradballegro/.local/share/virtualenvs/konradballegro-pfUEMlPh/lib/python3.8/site-packages/pandas/io/parsers/__init__.py', reloading
2023-07-14 09:40:08,954 - INFO -  * Detected change in '/home/konradballegro/.local/share/virtualenvs/konradballegro-pfUEMlPh/lib/python3.8/site-packages/pandas/io/parsers/readers.py', reloading
2023-07-14 09:40:09,001 - INFO -  * Detected change in '/usr/lib/python3.8/collections/__init__.py', reloading
2023-07-14 09:40:09,075 - INFO -  * Detected change in '/usr/lib/python3.8/_collections_abc.py', reloading
2023-07-14 09:40:09,075 - INFO -  * Detected change in '/usr/lib/python3.8/_collections_abc.py', reloading
2023-07-14 09:40:09,111 - INFO -  * Detected change in '/usr/lib/python3.8/abc.py', reloading
2023-07-14 09:40:09,114 - INFO -  * Detected change in '/usr/lib/python3.8/_py_abc.py', reloading
2023-07-14 09:40:09,208 - INFO -  * Detected change in '/home/konradballegro/scoring-batch/app.py', reloading
2023-07-14 09:40:09,209 - INFO -  * Detected change in '/home/konradballegro/scoring-batch/otomoto_scoring_batch.py', reloading
2023-07-14 09:40:09,227 - INFO -  * Detected change in '/usr/lib/python3.8/collections/abc.py', reloading
2023-07-14 09:40:09,231 - INFO -  * Detected change in '/usr/lib/python3.8/typing.py', reloading
2023-07-14 09:40:09,347 - INFO -  * Detected change in '/usr/lib/python3.8/textwrap.py', reloading
2023-07-14 09:40:09,389 - INFO -  * Detected change in '/home/konradballegro/.local/share/virtualenvs/konradballegro-pfUEMlPh/lib/python3.8/site-packages/pandas/util/_decorators.py', reloading
2023-07-14 09:40:09,400 - INFO -  * Detected change in '/usr/lib/python3.8/functools.py', reloading
2023-07-14 09:40:09,432 - INFO -  * Detected change in '/usr/lib/python3.8/functools.py', reloading
2023-07-14 09:40:09,433 - INFO -  * Detected change in '/usr/lib/python3.8/functools.py', reloading
2023-07-14 09:40:09,937 - INFO -  * Restarting with watchdog (inotify)
2023-07-14 09:40:15,122 - WARNING -  * Debugger is active!
2023-07-14 09:40:15,123 - INFO -  * Debugger PIN: 410-011-943
2023-07-14 09:40:15,872 - INFO -  * Detected change in '/home/konradballegro/.local/share/virtualenvs/konradballegro-pfUEMlPh/lib/python3.8/site-packages/numba/core/types/functions.py', reloading
2023-07-14 09:40:15,890 - INFO -  * Detected change in '/home/konradballegro/.local/share/virtualenvs/konradballegro-pfUEMlPh/lib/python3.8/site-packages/numba/core/__init__.py', reloading
2023-07-14 09:40:15,999 - INFO -  * Detected change in '/home/konradballegro/.local/share/virtualenvs/konradballegro-pfUEMlPh/lib/python3.8/site-packages/numba/core/typing/templates.py', reloading
2023-07-14 09:40:16,015 - INFO -  * Detected change in '/home/konradballegro/.local/share/virtualenvs/konradballegro-pfUEMlPh/lib/python3.8/site-packages/numba/core/typed_passes.py', reloading
2023-07-14 09:40:16,023 - INFO -  * Detected change in '/home/konradballegro/.local/share/virtualenvs/konradballegro-pfUEMlPh/lib/python3.8/site-packages/numba/core/compiler_machinery.py', reloading
2023-07-14 09:40:16,023 - INFO -  * Detected change in '/home/konradballegro/.local/share/virtualenvs/konradballegro-pfUEMlPh/lib/python3.8/site-packages/numba/core/compiler_lock.py', reloading
2023-07-14 09:40:16,024 - INFO -  * Detected change in '/home/konradballegro/.local/share/virtualenvs/konradballegro-pfUEMlPh/lib/python3.8/site-packages/numba/core/inline_closurecall.py', reloading
2023-07-14 09:40:16,024 - INFO -  * Detected change in '/home/konradballegro/.local/share/virtualenvs/konradballegro-pfUEMlPh/lib/python3.8/site-packages/numba/stencils/stencil.py', reloading
2023-07-14 09:40:16,024 - INFO -  * Detected change in '/home/konradballegro/.local/share/virtualenvs/konradballegro-pfUEMlPh/lib/python3.8/site-packages/numba/core/ir.py', reloading
2023-07-14 09:40:16,034 - INFO -  * Detected change in '/home/konradballegro/.local/share/virtualenvs/konradballegro-pfUEMlPh/lib/python3.8/site-packages/numba/core/compiler.py', reloading
2023-07-14 09:40:16,052 - INFO -  * Detected change in '/home/konradballegro/.local/share/virtualenvs/konradballegro-pfUEMlPh/lib/python3.8/site-packages/numba/core/targetconfig.py', reloading
2023-07-14 09:40:16,063 - INFO -  * Detected change in '/home/konradballegro/.local/share/virtualenvs/konradballegro-pfUEMlPh/lib/python3.8/site-packages/numba/core/utils.py', reloading
2023-07-14 09:40:16,087 - INFO -  * Detected change in '/usr/lib/python3.8/types.py', reloading
2023-07-14 09:40:16,166 - INFO -  * Detected change in '/home/konradballegro/.local/share/virtualenvs/konradballegro-pfUEMlPh/lib/python3.8/site-packages/numba/core/interpreter.py', reloading
2023-07-14 09:40:17,043 - INFO -  * Restarting with watchdog (inotify)
2023-07-14 09:40:22,139 - WARNING -  * Debugger is active!
2023-07-14 09:40:22,140 - INFO -  * Debugger PIN: 410-011-943
2023-07-14 09:40:22,649 - INFO -  * Detected change in '/home/konradballegro/.local/share/virtualenvs/konradballegro-pfUEMlPh/lib/python3.8/site-packages/pandas/core/ops/common.py', reloading
2023-07-14 09:40:22,654 - INFO -  * Detected change in '/usr/lib/python3.8/stat.py', reloading
2023-07-14 09:40:23,100 - INFO -  * Restarting with watchdog (inotify)
2023-07-14 09:40:28,176 - WARNING -  * Debugger is active!
2023-07-14 09:40:28,176 - INFO -  * Debugger PIN: 410-011-943
2023-07-14 09:40:28,645 - INFO -  * Detected change in '/usr/lib/python3.8/collections/__init__.py', reloading
2023-07-14 09:40:29,163 - INFO -  * Restarting with watchdog (inotify)
2023-07-14 09:40:34,289 - WARNING -  * Debugger is active!
2023-07-14 09:40:34,290 - INFO -  * Debugger PIN: 410-011-943
2023-07-14 09:40:34,971 - INFO -  * Detected change in '/home/konradballegro/.local/share/virtualenvs/konradballegro-pfUEMlPh/lib/python3.8/site-packages/numba/stencils/stencil.py', reloading
2023-07-14 09:40:34,971 - INFO -  * Detected change in '/home/konradballegro/.local/share/virtualenvs/konradballegro-pfUEMlPh/lib/python3.8/site-packages/numba/core/ir.py', reloading
2023-07-14 09:40:35,425 - INFO -  * Restarting with watchdog (inotify)
2023-07-14 09:40:40,619 - WARNING -  * Debugger is active!
2023-07-14 09:40:40,620 - INFO -  * Debugger PIN: 410-011-943
2023-07-14 09:40:41,348 - INFO -  * Detected change in '/home/konradballegro/.local/share/virtualenvs/konradballegro-pfUEMlPh/lib/python3.8/site-packages/pandas/_libs/__init__.py', reloading
2023-07-14 09:40:41,349 - INFO -  * Detected change in '/home/konradballegro/.local/share/virtualenvs/konradballegro-pfUEMlPh/lib/python3.8/site-packages/pandas/plotting/__init__.py', reloading
2023-07-14 09:40:41,349 - INFO -  * Detected change in '/home/konradballegro/.local/share/virtualenvs/konradballegro-pfUEMlPh/lib/python3.8/site-packages/pandas/plotting/_core.py', reloading
2023-07-14 09:40:41,447 - INFO -  * Detected change in '/usr/lib/python3.8/os.py', reloading
2023-07-14 09:40:42,553 - INFO -  * Restarting with watchdog (inotify)
2023-07-14 09:40:47,647 - WARNING -  * Debugger is active!
2023-07-14 09:40:47,648 - INFO -  * Debugger PIN: 410-011-943
2023-07-14 09:40:48,363 - INFO -  * Detected change in '/home/konradballegro/.local/share/virtualenvs/konradballegro-pfUEMlPh/lib/python3.8/site-packages/pandas/_typing.py', reloading
2023-07-14 09:40:48,364 - INFO -  * Detected change in '/home/konradballegro/.local/share/virtualenvs/konradballegro-pfUEMlPh/lib/python3.8/site-packages/pandas/core/groupby/indexing.py', reloading
2023-07-14 09:40:48,364 - INFO -  * Detected change in '/home/konradballegro/.local/share/virtualenvs/konradballegro-pfUEMlPh/lib/python3.8/site-packages/pandas/core/groupby/grouper.py', reloading
2023-07-14 09:40:48,445 - INFO -  * Detected change in '/home/konradballegro/.local/share/virtualenvs/konradballegro-pfUEMlPh/lib/python3.8/site-packages/pandas/core/reshape/api.py', reloading
2023-07-14 09:40:48,538 - INFO -  * Detected change in '/home/konradballegro/.local/share/virtualenvs/konradballegro-pfUEMlPh/lib/python3.8/site-packages/pandas/core/groupby/__init__.py', reloading
2023-07-14 09:40:48,539 - INFO -  * Detected change in '/home/konradballegro/.local/share/virtualenvs/konradballegro-pfUEMlPh/lib/python3.8/site-packages/pandas/core/groupby/numba_.py', reloading
2023-07-14 09:40:48,549 - INFO -  * Detected change in '/home/konradballegro/.local/share/virtualenvs/konradballegro-pfUEMlPh/lib/python3.8/site-packages/numba/__init__.py', reloading
2023-07-14 09:40:48,555 - INFO -  * Detected change in '/home/konradballegro/.local/share/virtualenvs/konradballegro-pfUEMlPh/lib/python3.8/site-packages/numba/core/errors.py', reloading
2023-07-14 09:40:48,625 - INFO -  * Detected change in '/home/konradballegro/.local/share/virtualenvs/konradballegro-pfUEMlPh/lib/python3.8/site-packages/numba/core/types/__init__.py', reloading
2023-07-14 09:40:48,629 - INFO -  * Detected change in '/home/konradballegro/.local/share/virtualenvs/konradballegro-pfUEMlPh/lib/python3.8/site-packages/numba/core/types/abstract.py', reloading
2023-07-14 09:40:48,653 - INFO -  * Detected change in '/home/konradballegro/.local/share/virtualenvs/konradballegro-pfUEMlPh/lib/python3.8/site-packages/numba/core/types/containers.py', reloading
2023-07-14 09:40:48,684 - INFO -  * Detected change in '/home/konradballegro/.local/share/virtualenvs/konradballegro-pfUEMlPh/lib/python3.8/site-packages/numba/core/types/common.py', reloading
2023-07-14 09:40:48,774 - INFO -  * Detected change in '/home/konradballegro/.local/share/virtualenvs/konradballegro-pfUEMlPh/lib/python3.8/site-packages/numba/core/types/functions.py', reloading
2023-07-14 09:40:48,825 - INFO -  * Detected change in '/home/konradballegro/.local/share/virtualenvs/konradballegro-pfUEMlPh/lib/python3.8/site-packages/numba/core/__init__.py', reloading
2023-07-14 09:40:48,834 - INFO -  * Detected change in '/usr/lib/python3.8/weakref.py', reloading
2023-07-14 09:40:48,895 - INFO -  * Detected change in '/home/konradballegro/.local/share/virtualenvs/konradballegro-pfUEMlPh/lib/python3.8/site-packages/numba/core/typing/templates.py', reloading
2023-07-14 09:40:48,933 - INFO -  * Detected change in '/home/konradballegro/.local/share/virtualenvs/konradballegro-pfUEMlPh/lib/python3.8/site-packages/numba/core/typed_passes.py', reloading
2023-07-14 09:40:48,963 - INFO -  * Detected change in '/usr/lib/python3.8/copy.py', reloading
2023-07-14 09:40:48,979 - INFO -  * Detected change in '/usr/lib/python3.8/copyreg.py', reloading
2023-07-14 09:40:48,994 - INFO -  * Detected change in '/home/konradballegro/.local/share/virtualenvs/konradballegro-pfUEMlPh/lib/python3.8/site-packages/numba/core/compiler_machinery.py', reloading
2023-07-14 09:40:48,995 - INFO -  * Detected change in '/home/konradballegro/.local/share/virtualenvs/konradballegro-pfUEMlPh/lib/python3.8/site-packages/numba/core/compiler_machinery.py', reloading
2023-07-14 09:40:49,013 - INFO -  * Detected change in '/home/konradballegro/.local/share/virtualenvs/konradballegro-pfUEMlPh/lib/python3.8/site-packages/numba/core/compiler_lock.py', reloading
2023-07-14 09:40:49,014 - INFO -  * Detected change in '/home/konradballegro/.local/share/virtualenvs/konradballegro-pfUEMlPh/lib/python3.8/site-packages/numba/core/compiler_lock.py', reloading
2023-07-14 09:40:49,065 - INFO -  * Detected change in '/home/konradballegro/.local/share/virtualenvs/konradballegro-pfUEMlPh/lib/python3.8/site-packages/numba/core/inline_closurecall.py', reloading
2023-07-14 09:40:49,119 - INFO -  * Detected change in '/home/konradballegro/.local/share/virtualenvs/konradballegro-pfUEMlPh/lib/python3.8/site-packages/numba/stencils/stencil.py', reloading
2023-07-14 09:40:49,157 - INFO -  * Detected change in '/home/konradballegro/.local/share/virtualenvs/konradballegro-pfUEMlPh/lib/python3.8/site-packages/numba/core/ir.py', reloading
2023-07-14 09:40:49,647 - INFO -  * Restarting with watchdog (inotify)
2023-07-14 09:40:54,595 - WARNING -  * Debugger is active!
2023-07-14 09:40:54,595 - INFO -  * Debugger PIN: 410-011-943
2023-07-14 09:40:55,301 - INFO -  * Detected change in '/home/konradballegro/.local/share/virtualenvs/konradballegro-pfUEMlPh/lib/python3.8/site-packages/numpy/lib/arraypad.py', reloading
2023-07-14 09:40:55,332 - INFO -  * Detected change in '/home/konradballegro/.local/share/virtualenvs/konradballegro-pfUEMlPh/lib/python3.8/site-packages/numpy/lib/_version.py', reloading
2023-07-14 09:40:55,338 - INFO -  * Detected change in '/home/konradballegro/.local/share/virtualenvs/konradballegro-pfUEMlPh/lib/python3.8/site-packages/numpy/matrixlib/__init__.py', reloading
2023-07-14 09:40:55,344 - INFO -  * Detected change in '/home/konradballegro/.local/share/virtualenvs/konradballegro-pfUEMlPh/lib/python3.8/site-packages/numpy/matrixlib/defmatrix.py', reloading
2023-07-14 09:40:55,352 - INFO -  * Detected change in '/home/konradballegro/.local/share/virtualenvs/konradballegro-pfUEMlPh/lib/python3.8/site-packages/pandas/core/common.py', reloading
2023-07-14 09:40:55,371 - INFO -  * Detected change in '/home/konradballegro/.local/share/virtualenvs/konradballegro-pfUEMlPh/lib/python3.8/site-packages/pandas/core/dtypes/cast.py', reloading
2023-07-14 09:40:55,745 - INFO -  * Detected change in '/home/konradballegro/.local/share/virtualenvs/konradballegro-pfUEMlPh/lib/python3.8/site-packages/pandas/core/ops/common.py', reloading
2023-07-14 09:40:55,775 - INFO -  * Detected change in '/usr/lib/python3.8/re.py', reloading
2023-07-14 09:40:55,785 - INFO -  * Detected change in '/usr/lib/python3.8/sre_parse.py', reloading
2023-07-14 09:40:55,817 - INFO -  * Detected change in '/usr/lib/python3.8/sre_constants.py', reloading
2023-07-14 09:40:55,868 - INFO -  * Detected change in '/usr/lib/python3.8/enum.py', reloading
2023-07-14 09:40:55,992 - INFO -  * Detected change in '/usr/lib/python3.8/sre_compile.py', reloading
2023-07-14 09:40:56,043 - INFO -  * Detected change in '/home/konradballegro/.local/share/virtualenvs/konradballegro-pfUEMlPh/lib/python3.8/site-packages/pandas/_libs/__init__.py', reloading
2023-07-14 09:40:56,044 - INFO -  * Detected change in '/home/konradballegro/.local/share/virtualenvs/konradballegro-pfUEMlPh/lib/python3.8/site-packages/pandas/plotting/__init__.py', reloading
2023-07-14 09:40:56,045 - INFO -  * Detected change in '/home/konradballegro/.local/share/virtualenvs/konradballegro-pfUEMlPh/lib/python3.8/site-packages/pandas/plotting/_core.py', reloading
2023-07-14 09:40:56,527 - INFO -  * Restarting with watchdog (inotify)
2023-07-14 09:41:01,495 - WARNING -  * Debugger is active!
2023-07-14 09:41:01,495 - INFO -  * Debugger PIN: 410-011-943
2023-07-14 09:42:20,647 - INFO -  * Detected change in '/home/konradballegro/.local/share/virtualenvs/konradballegro-pfUEMlPh/lib/python3.8/site-packages/bs4/__init__.py', reloading
2023-07-14 09:42:20,648 - INFO -  * Detected change in '/home/konradballegro/.local/share/virtualenvs/konradballegro-pfUEMlPh/lib/python3.8/site-packages/bs4/element.py', reloading
2023-07-14 09:42:22,002 - INFO -  * Restarting with watchdog (inotify)
2023-07-14 09:42:27,083 - WARNING -  * Debugger is active!
2023-07-14 09:42:27,084 - INFO -  * Debugger PIN: 410-011-943
2023-07-14 09:44:59,536 - INFO -  * Detected change in '/usr/lib/python3.8/typing.py', reloading
2023-07-14 09:44:59,991 - INFO -  * Restarting with watchdog (inotify)
2023-07-14 09:45:05,043 - WARNING -  * Debugger is active!
2023-07-14 09:45:05,043 - INFO -  * Debugger PIN: 410-011-943
2023-07-14 09:45:49,381 - INFO -  * Detected change in '/usr/lib/python3.8/typing.py', reloading
2023-07-14 09:45:49,849 - INFO -  * Restarting with watchdog (inotify)
2023-07-14 09:45:54,883 - WARNING -  * Debugger is active!
2023-07-14 09:45:54,883 - INFO -  * Debugger PIN: 410-011-943
2023-07-14 10:05:23,813 - INFO -  * Detected change in '/home/konradballegro/spark/spark-3.3.2-bin-hadoop3/python/lib/py4j-0.10.9.5-src.zip', reloading
2023-07-14 10:05:23,842 - INFO -  * Detected change in '/home/konradballegro/scoring-batch/otomoto_scoring_batch.py', reloading
2023-07-14 10:05:23,843 - INFO -  * Detected change in '/home/konradballegro/scoring-batch/otomoto_scoring_batch.py', reloading
2023-07-14 10:05:24,640 - INFO -  * Restarting with watchdog (inotify)
2023-07-14 10:05:29,954 - WARNING -  * Debugger is active!
2023-07-14 10:05:29,955 - INFO -  * Debugger PIN: 410-011-943
2023-07-14 10:05:31,999 - WARNING - DataFrame type: <class 'pandas.core.frame.DataFrame'>
2023-07-14 10:05:31,999 - WARNING - Number of rows:4820
2023-07-14 10:05:31,999 - WARNING - Number of columns:230
2023-07-14 10:05:31,999 - WARNING - DataFrame:
           Offer from Category  ...                                        ID       Epoch
0               Firmy  Osobowe  ...  852f72158b44857697459a880c2f575239514731  1689328015
1     Osoby prywatnej  Osobowe  ...  5d3f3216d799e27e9fbc01439ac0c3f7b0b70913  1689328014
2               Firmy  Osobowe  ...  479f398841b5ce890aa190105e59455296fe75b6  1689328015
3               Firmy  Osobowe  ...  be6c0a6f43f88262a6d69866e994d8df003995f0  1689328015
4               Firmy  Osobowe  ...  ba656300054bb0071a5216dc7ace917bfbad7b6d  1689328015
...               ...      ...  ...                                       ...         ...
4815            Firmy  Osobowe  ...  f85bb31130a104f0f30fa6744d2b6858f4570d92  1689328917
4816            Firmy  Osobowe  ...  a3516e193dcc3a6b891a06c12dafc22835795f42  1689328918
4817            Firmy  Osobowe  ...  c492e5fa65bf14a64ed69eb5fe3f6083362a0f60  1689328918
4818            Firmy  Osobowe  ...  cbbd93e59b8e57ef84a62083d177c4254d396676  1689328918
4819            Firmy  Osobowe  ...  d73c70e8de511b5335e1255fdf1d61659add0c6d  1689328918

[4820 rows x 230 columns]
2023-07-14 10:05:32,129 - WARNING - Filtering data...
2023-07-14 10:05:32,141 - WARNING - Data filtered
2023-07-14 10:05:32,144 - WARNING - Preprocessing data...
2023-07-14 10:05:32,162 - INFO -  * Detected change in '/home/konradballegro/scoring-batch/app.py', reloading
2023-07-14 10:05:32,272 - WARNING - Data preprocessed
2023-07-14 10:05:32,273 - WARNING - Performing feature engineering...
2023-07-14 10:05:32,362 - WARNING - DataFrame type: <class 'pandas.core.frame.DataFrame'>
2023-07-14 10:05:32,362 - WARNING - Number of rows:903
2023-07-14 10:05:32,363 - WARNING - Number of columns:83
2023-07-14 10:05:32,363 - WARNING - DataFrame:
       Mileage  Power  ...  Number_of_doors_4  Number_of_doors_2
34     68636.0    177  ...                  0                  0
39     28100.0    140  ...                  0                  0
45    119000.0    130  ...                  0                  0
70     65200.0    115  ...                  0                  0
73     45638.0    114  ...                  0                  0
...        ...    ...  ...                ...                ...
4776   85000.0    130  ...                  0                  0
4788   80425.0    115  ...                  0                  0
4807   73000.0    117  ...                  0                  0
4810   25000.0    109  ...                  0                  0
4811   66780.0    140  ...                  0                  0

[903 rows x 83 columns]
2023-07-14 10:05:32,434 - WARNING - Feature engineering completed
2023-07-14 10:05:32,675 - INFO - 127.0.0.1 - - [14/Jul/2023 10:05:32] "POST /predict HTTP/1.1" 200 -
2023-07-14 10:05:33,637 - INFO -  * Restarting with watchdog (inotify)
2023-07-14 10:05:38,680 - WARNING -  * Debugger is active!
2023-07-14 10:05:38,681 - INFO -  * Debugger PIN: 410-011-943
2023-07-14 10:11:22,912 - INFO -  * Detected change in '/home/konradballegro/scoring-batch/app.py', reloading
2023-07-14 10:11:24,231 - INFO -  * Restarting with watchdog (inotify)
2023-07-14 10:11:29,452 - WARNING -  * Debugger is active!
2023-07-14 10:11:29,453 - INFO -  * Debugger PIN: 410-011-943
2023-07-14 10:11:39,100 - INFO -  * Detected change in '/home/konradballegro/scoring-batch/otomoto_scoring_batch.py', reloading
2023-07-14 10:11:39,701 - INFO -  * Restarting with watchdog (inotify)
